<?xml version="1.0" encoding="UTF-8"?>
<testsuite name="SerializableTest" tests="1" skipped="0" failures="0" errors="0" timestamp="2018-05-23T14:08:42" hostname="DESKTOP-Q6KHRC1" time="0.036">
  <properties/>
  <testcase name="test" classname="SerializableTest" time="0.036"/>
  <system-out><![CDATA[CustomPojoTest elapsed => 24
]]></system-out>
  <system-err><![CDATA[]]></system-err>
</testsuite>
